<?xml version="1.0" encoding="UTF-8"?>
<testsuite xmlns:xsi="http://www.w3.org/2001/XMLSchema-instance" xsi:noNamespaceSchemaLocation="https://maven.apache.org/surefire/maven-surefire-plugin/xsd/surefire-test-report-3.0.xsd" version="3.0" name="org.acme.kafka.PriceResourceTest" time="16.901" tests="1" errors="1" skipped="0" failures="0">
  <properties>
    <property name="awt.toolkit" value="sun.awt.X11.XToolkit"/>
    <property name="java.specification.version" value="11"/>
    <property name="sun.cpu.isalist" value=""/>
    <property name="sun.jnu.encoding" value="UTF-8"/>
    <property name="java.class.path" value="/mnt/c/Users/mola7/demo/kafka_lab/quarkus-app/target/test-classes:/mnt/c/Users/mola7/demo/kafka_lab/quarkus-app/target/classes:/home/mola/.m2/repository/io/quarkus/quarkus-resteasy-reactive/2.0.1.Final/quarkus-resteasy-reactive-2.0.1.Final.jar:/home/mola/.m2/repository/org/jboss/spec/javax/ws/rs/jboss-jaxrs-api_2.1_spec/2.0.1.Final/jboss-jaxrs-api_2.1_spec-2.0.1.Final.jar:/home/mola/.m2/repository/io/quarkus/resteasy/reactive/resteasy-reactive-vertx/2.0.1.Final/resteasy-reactive-vertx-2.0.1.Final.jar:/home/mola/.m2/repository/io/vertx/vertx-web/4.1.0/vertx-web-4.1.0.jar:/home/mola/.m2/repository/io/vertx/vertx-web-common/4.1.0/vertx-web-common-4.1.0.jar:/home/mola/.m2/repository/io/vertx/vertx-auth-common/4.1.0/vertx-auth-common-4.1.0.jar:/home/mola/.m2/repository/io/vertx/vertx-bridge-common/4.1.0/vertx-bridge-common-4.1.0.jar:/home/mola/.m2/repository/io/quarkus/resteasy/reactive/resteasy-reactive/2.0.1.Final/resteasy-reactive-2.0.1.Final.jar:/home/mola/.m2/repository/jakarta/enterprise/jakarta.enterprise.cdi-api/2.0.2/jakarta.enterprise.cdi-api-2.0.2.jar:/home/mola/.m2/repository/jakarta/el/jakarta.el-api/3.0.3/jakarta.el-api-3.0.3.jar:/home/mola/.m2/repository/jakarta/interceptor/jakarta.interceptor-api/1.2.5/jakarta.interceptor-api-1.2.5.jar:/home/mola/.m2/repository/org/jboss/logging/commons-logging-jboss-logging/1.0.0.Final/commons-logging-jboss-logging-1.0.0.Final.jar:/home/mola/.m2/repository/io/quarkus/quarkus-resteasy-reactive-common/2.0.1.Final/quarkus-resteasy-reactive-common-2.0.1.Final.jar:/home/mola/.m2/repository/io/quarkus/resteasy/reactive/resteasy-reactive-common/2.0.1.Final/resteasy-reactive-common-2.0.1.Final.jar:/home/mola/.m2/repository/io/quarkus/quarkus-mutiny/2.0.1.Final/quarkus-mutiny-2.0.1.Final.jar:/home/mola/.m2/repository/io/quarkus/quarkus-smallrye-context-propagation/2.0.1.Final/quarkus-smallrye-context-propagation-2.0.1.Final.jar:/home/mola/.m2/repository/io/smallrye/smallrye-context-propagation/1.2.0/smallrye-context-propagation-1.2.0.jar:/home/mola/.m2/repository/io/smallrye/smallrye-context-propagation-api/1.2.0/smallrye-context-propagation-api-1.2.0.jar:/home/mola/.m2/repository/io/smallrye/smallrye-context-propagation-storage/1.2.0/smallrye-context-propagation-storage-1.2.0.jar:/home/mola/.m2/repository/io/smallrye/reactive/mutiny-smallrye-context-propagation/0.17.0/mutiny-smallrye-context-propagation-0.17.0.jar:/home/mola/.m2/repository/io/quarkus/quarkus-vertx-core/2.0.1.Final/quarkus-vertx-core-2.0.1.Final.jar:/home/mola/.m2/repository/io/quarkus/quarkus-netty/2.0.1.Final/quarkus-netty-2.0.1.Final.jar:/home/mola/.m2/repository/io/netty/netty-codec/4.1.65.Final/netty-codec-4.1.65.Final.jar:/home/mola/.m2/repository/io/netty/netty-codec-haproxy/4.1.65.Final/netty-codec-haproxy-4.1.65.Final.jar:/home/mola/.m2/repository/io/quarkus/quarkus-resteasy-reactive-kotlin/2.0.1.Final/quarkus-resteasy-reactive-kotlin-2.0.1.Final.jar:/home/mola/.m2/repository/io/quarkus/quarkus-vertx-http/2.0.1.Final/quarkus-vertx-http-2.0.1.Final.jar:/home/mola/.m2/repository/io/quarkus/quarkus-security-runtime-spi/2.0.1.Final/quarkus-security-runtime-spi-2.0.1.Final.jar:/home/mola/.m2/repository/io/quarkus/quarkus-vertx-http-dev-console-runtime-spi/2.0.1.Final/quarkus-vertx-http-dev-console-runtime-spi-2.0.1.Final.jar:/home/mola/.m2/repository/io/quarkus/arc/arc/2.0.1.Final/arc-2.0.1.Final.jar:/home/mola/.m2/repository/jakarta/transaction/jakarta.transaction-api/1.3.3/jakarta.transaction-api-1.3.3.jar:/home/mola/.m2/repository/io/quarkus/security/quarkus-security/1.1.4.Final/quarkus-security-1.1.4.Final.jar:/home/mola/.m2/repository/io/quarkus/quarkus-jsonp/2.0.1.Final/quarkus-jsonp-2.0.1.Final.jar:/home/mola/.m2/repository/org/glassfish/jakarta.json/1.1.6/jakarta.json-1.1.6.jar:/home/mola/.m2/repository/io/quarkus/quarkus-smallrye-reactive-messaging-kafka/2.0.1.Final/quarkus-smallrye-reactive-messaging-kafka-2.0.1.Final.jar:/home/mola/.m2/repository/io/quarkus/quarkus-kafka-client/2.0.1.Final/quarkus-kafka-client-2.0.1.Final.jar:/home/mola/.m2/repository/io/quarkus/quarkus-arc/2.0.1.Final/quarkus-arc-2.0.1.Final.jar:/home/mola/.m2/repository/org/eclipse/microprofile/context-propagation/microprofile-context-propagation-api/1.2/microprofile-context-propagation-api-1.2.jar:/home/mola/.m2/repository/io/quarkus/quarkus-caffeine/2.0.1.Final/quarkus-caffeine-2.0.1.Final.jar:/home/mola/.m2/repository/com/github/ben-manes/caffeine/caffeine/2.9.1/caffeine-2.9.1.jar:/home/mola/.m2/repository/com/google/errorprone/error_prone_annotations/2.2.0/error_prone_annotations-2.2.0.jar:/home/mola/.m2/repository/io/smallrye/reactive/smallrye-reactive-messaging-kafka/3.5.0/smallrye-reactive-messaging-kafka-3.5.0.jar:/home/mola/.m2/repository/io/smallrye/reactive/smallrye-mutiny-vertx-kafka-client/2.6.0/smallrye-mutiny-vertx-kafka-client-2.6.0.jar:/home/mola/.m2/repository/org/apache/zookeeper/zookeeper/3.5.7/zookeeper-3.5.7.jar:/home/mola/.m2/repository/org/apache/zookeeper/zookeeper-jute/3.5.7/zookeeper-jute-3.5.7.jar:/home/mola/.m2/repository/org/apache/yetus/audience-annotations/0.5.0/audience-annotations-0.5.0.jar:/home/mola/.m2/repository/io/netty/netty-transport-native-epoll/4.1.65.Final/netty-transport-native-epoll-4.1.65.Final.jar:/home/mola/.m2/repository/io/netty/netty-transport-native-unix-common/4.1.65.Final/netty-transport-native-unix-common-4.1.65.Final.jar:/home/mola/.m2/repository/io/opentelemetry/opentelemetry-api/1.3.0/opentelemetry-api-1.3.0.jar:/home/mola/.m2/repository/io/opentelemetry/opentelemetry-context/1.3.0/opentelemetry-context-1.3.0.jar:/home/mola/.m2/repository/io/opentelemetry/opentelemetry-semconv/1.3.0-alpha/opentelemetry-semconv-1.3.0-alpha.jar:/home/mola/.m2/repository/io/smallrye/reactive/smallrye-reactive-converter-api/2.6.0/smallrye-reactive-converter-api-2.6.0.jar:/home/mola/.m2/repository/io/smallrye/reactive/mutiny/0.17.0/mutiny-0.17.0.jar:/home/mola/.m2/repository/io/quarkus/quarkus-jackson/2.0.1.Final/quarkus-jackson-2.0.1.Final.jar:/home/mola/.m2/repository/com/fasterxml/jackson/core/jackson-databind/2.12.3/jackson-databind-2.12.3.jar:/home/mola/.m2/repository/com/fasterxml/jackson/core/jackson-annotations/2.12.3/jackson-annotations-2.12.3.jar:/home/mola/.m2/repository/com/fasterxml/jackson/core/jackson-core/2.12.3/jackson-core-2.12.3.jar:/home/mola/.m2/repository/com/fasterxml/jackson/datatype/jackson-datatype-jsr310/2.12.3/jackson-datatype-jsr310-2.12.3.jar:/home/mola/.m2/repository/com/fasterxml/jackson/datatype/jackson-datatype-jdk8/2.12.3/jackson-datatype-jdk8-2.12.3.jar:/home/mola/.m2/repository/com/fasterxml/jackson/module/jackson-module-parameter-names/2.12.3/jackson-module-parameter-names-2.12.3.jar:/home/mola/.m2/repository/org/apache/kafka/kafka-clients/2.8.0/kafka-clients-2.8.0.jar:/home/mola/.m2/repository/com/github/luben/zstd-jni/1.4.9-1/zstd-jni-1.4.9-1.jar:/home/mola/.m2/repository/org/lz4/lz4-java/1.7.1/lz4-java-1.7.1.jar:/home/mola/.m2/repository/org/xerial/snappy/snappy-java/1.1.8.1/snappy-java-1.1.8.1.jar:/home/mola/.m2/repository/org/slf4j/slf4j-api/1.7.30/slf4j-api-1.7.30.jar:/home/mola/.m2/repository/io/vertx/vertx-kafka-client/4.1.0/vertx-kafka-client-4.1.0.jar:/home/mola/.m2/repository/io/vertx/vertx-core/4.1.0/vertx-core-4.1.0.jar:/home/mola/.m2/repository/io/netty/netty-common/4.1.65.Final/netty-common-4.1.65.Final.jar:/home/mola/.m2/repository/io/netty/netty-buffer/4.1.65.Final/netty-buffer-4.1.65.Final.jar:/home/mola/.m2/repository/io/netty/netty-transport/4.1.65.Final/netty-transport-4.1.65.Final.jar:/home/mola/.m2/repository/io/netty/netty-handler/4.1.65.Final/netty-handler-4.1.65.Final.jar:/home/mola/.m2/repository/io/netty/netty-handler-proxy/4.1.65.Final/netty-handler-proxy-4.1.65.Final.jar:/home/mola/.m2/repository/io/netty/netty-codec-socks/4.1.65.Final/netty-codec-socks-4.1.65.Final.jar:/home/mola/.m2/repository/io/netty/netty-codec-http/4.1.65.Final/netty-codec-http-4.1.65.Final.jar:/home/mola/.m2/repository/io/netty/netty-codec-http2/4.1.65.Final/netty-codec-http2-4.1.65.Final.jar:/home/mola/.m2/repository/io/netty/netty-resolver/4.1.65.Final/netty-resolver-4.1.65.Final.jar:/home/mola/.m2/repository/io/netty/netty-resolver-dns/4.1.65.Final/netty-resolver-dns-4.1.65.Final.jar:/home/mola/.m2/repository/io/netty/netty-codec-dns/4.1.65.Final/netty-codec-dns-4.1.65.Final.jar:/home/mola/.m2/repository/io/quarkus/quarkus-smallrye-reactive-messaging/2.0.1.Final/quarkus-smallrye-reactive-messaging-2.0.1.Final.jar:/home/mola/.m2/repository/io/quarkus/quarkus-mutiny-reactive-streams-operators/2.0.1.Final/quarkus-mutiny-reactive-streams-operators-2.0.1.Final.jar:/home/mola/.m2/repository/org/eclipse/microprofile/reactive-streams-operators/microprofile-reactive-streams-operators-api/1.0.1/microprofile-reactive-streams-operators-api-1.0.1.jar:/home/mola/.m2/repository/org/eclipse/microprofile/reactive-streams-operators/microprofile-reactive-streams-operators-core/1.0.1/microprofile-reactive-streams-operators-core-1.0.1.jar:/home/mola/.m2/repository/io/smallrye/reactive/mutiny-reactive-streams-operators/0.17.0/mutiny-reactive-streams-operators-0.17.0.jar:/home/mola/.m2/repository/io/quarkus/quarkus-smallrye-reactive-messaging-kotlin/2.0.1.Final/quarkus-smallrye-reactive-messaging-kotlin-2.0.1.Final.jar:/home/mola/.m2/repository/io/quarkus/quarkus-vertx/2.0.1.Final/quarkus-vertx-2.0.1.Final.jar:/home/mola/.m2/repository/io/smallrye/smallrye-fault-tolerance-vertx/5.1.0/smallrye-fault-tolerance-vertx-5.1.0.jar:/home/mola/.m2/repository/io/smallrye/common/smallrye-common-annotation/1.6.0/smallrye-common-annotation-1.6.0.jar:/home/mola/.m2/repository/io/smallrye/reactive/smallrye-reactive-messaging-health/3.5.0/smallrye-reactive-messaging-health-3.5.0.jar:/home/mola/.m2/repository/io/smallrye/reactive/smallrye-reactive-messaging-provider/3.5.0/smallrye-reactive-messaging-provider-3.5.0.jar:/home/mola/.m2/repository/io/smallrye/reactive/smallrye-reactive-messaging-api/3.5.0/smallrye-reactive-messaging-api-3.5.0.jar:/home/mola/.m2/repository/io/smallrye/reactive/smallrye-mutiny-vertx-core/2.7.0/smallrye-mutiny-vertx-core-2.7.0.jar:/home/mola/.m2/repository/io/smallrye/reactive/smallrye-mutiny-vertx-runtime/2.7.0/smallrye-mutiny-vertx-runtime-2.7.0.jar:/home/mola/.m2/repository/io/smallrye/reactive/vertx-mutiny-generator/2.7.0/vertx-mutiny-generator-2.7.0.jar:/home/mola/.m2/repository/io/vertx/vertx-codegen/4.1.0/vertx-codegen-4.1.0.jar:/home/mola/.m2/repository/org/jboss/jandex/2.3.0.Final/jandex-2.3.0.Final.jar:/home/mola/.m2/repository/jakarta/annotation/jakarta.annotation-api/1.3.5/jakarta.annotation-api-1.3.5.jar:/home/mola/.m2/repository/io/quarkus/quarkus-junit5/2.0.1.Final/quarkus-junit5-2.0.1.Final.jar:/home/mola/.m2/repository/io/quarkus/quarkus-bootstrap-core/2.0.1.Final/quarkus-bootstrap-core-2.0.1.Final.jar:/home/mola/.m2/repository/io/quarkus/quarkus-bootstrap-app-model/2.0.1.Final/quarkus-bootstrap-app-model-2.0.1.Final.jar:/home/mola/.m2/repository/io/quarkus/quarkus-bootstrap-maven-resolver/2.0.1.Final/quarkus-bootstrap-maven-resolver-2.0.1.Final.jar:/home/mola/.m2/repository/org/apache/maven/maven-embedder/3.8.1/maven-embedder-3.8.1.jar:/home/mola/.m2/repository/org/apache/maven/maven-settings/3.8.1/maven-settings-3.8.1.jar:/home/mola/.m2/repository/org/apache/maven/maven-core/3.8.1/maven-core-3.8.1.jar:/home/mola/.m2/repository/org/apache/maven/maven-artifact/3.8.1/maven-artifact-3.8.1.jar:/home/mola/.m2/repository/org/codehaus/plexus/plexus-component-annotations/2.1.0/plexus-component-annotations-2.1.0.jar:/home/mola/.m2/repository/org/apache/maven/maven-plugin-api/3.8.1/maven-plugin-api-3.8.1.jar:/home/mola/.m2/repository/org/apache/maven/maven-model/3.8.1/maven-model-3.8.1.jar:/home/mola/.m2/repository/org/apache/maven/maven-model-builder/3.8.1/maven-model-builder-3.8.1.jar:/home/mola/.m2/repository/org/apache/maven/maven-builder-support/3.8.1/maven-builder-support-3.8.1.jar:/home/mola/.m2/repository/org/apache/maven/resolver/maven-resolver-api/1.6.2/maven-resolver-api-1.6.2.jar:/home/mola/.m2/repository/org/apache/maven/resolver/maven-resolver-util/1.6.2/maven-resolver-util-1.6.2.jar:/home/mola/.m2/repository/org/apache/maven/shared/maven-shared-utils/3.3.3/maven-shared-utils-3.3.3.jar:/home/mola/.m2/repository/com/google/inject/guice/4.2.1/guice-4.2.1-no_aop.jar:/home/mola/.m2/repository/com/google/guava/guava/30.1.1-jre/guava-30.1.1-jre.jar:/home/mola/.m2/repository/com/google/guava/failureaccess/1.0.1/failureaccess-1.0.1.jar:/home/mola/.m2/repository/com/google/guava/listenablefuture/9999.0-empty-to-avoid-conflict-with-guava/listenablefuture-9999.0-empty-to-avoid-conflict-with-guava.jar:/home/mola/.m2/repository/org/codehaus/plexus/plexus-utils/3.2.1/plexus-utils-3.2.1.jar:/home/mola/.m2/repository/org/codehaus/plexus/plexus-classworlds/2.6.0/plexus-classworlds-2.6.0.jar:/home/mola/.m2/repository/commons-cli/commons-cli/1.4/commons-cli-1.4.jar:/home/mola/.m2/repository/org/eclipse/sisu/org.eclipse.sisu.plexus/0.3.4/org.eclipse.sisu.plexus-0.3.4.jar:/home/mola/.m2/repository/org/apache/maven/maven-settings-builder/3.8.1/maven-settings-builder-3.8.1.jar:/home/mola/.m2/repository/org/codehaus/plexus/plexus-interpolation/1.25/plexus-interpolation-1.25.jar:/home/mola/.m2/repository/org/sonatype/plexus/plexus-sec-dispatcher/1.4/plexus-sec-dispatcher-1.4.jar:/home/mola/.m2/repository/org/sonatype/plexus/plexus-cipher/1.4/plexus-cipher-1.4.jar:/home/mola/.m2/repository/org/apache/maven/maven-resolver-provider/3.8.1/maven-resolver-provider-3.8.1.jar:/home/mola/.m2/repository/org/apache/maven/maven-repository-metadata/3.8.1/maven-repository-metadata-3.8.1.jar:/home/mola/.m2/repository/org/apache/maven/resolver/maven-resolver-spi/1.6.2/maven-resolver-spi-1.6.2.jar:/home/mola/.m2/repository/org/apache/maven/resolver/maven-resolver-impl/1.6.2/maven-resolver-impl-1.6.2.jar:/home/mola/.m2/repository/org/apache/maven/resolver/maven-resolver-connector-basic/1.6.2/maven-resolver-connector-basic-1.6.2.jar:/home/mola/.m2/repository/org/apache/maven/resolver/maven-resolver-transport-wagon/1.6.2/maven-resolver-transport-wagon-1.6.2.jar:/home/mola/.m2/repository/org/apache/maven/wagon/wagon-http/3.4.3/wagon-http-3.4.3.jar:/home/mola/.m2/repository/org/apache/maven/wagon/wagon-http-shared/3.4.3/wagon-http-shared-3.4.3.jar:/home/mola/.m2/repository/org/jsoup/jsoup/1.12.1/jsoup-1.12.1.jar:/home/mola/.m2/repository/org/apache/maven/wagon/wagon-provider-api/3.4.3/wagon-provider-api-3.4.3.jar:/home/mola/.m2/repository/org/apache/maven/wagon/wagon-file/3.4.3/wagon-file-3.4.3.jar:/home/mola/.m2/repository/io/quarkus/quarkus-bootstrap-gradle-resolver/2.0.1.Final/quarkus-bootstrap-gradle-resolver-2.0.1.Final.jar:/home/mola/.m2/repository/io/smallrye/common/smallrye-common-io/1.6.0/smallrye-common-io-1.6.0.jar:/home/mola/.m2/repository/org/eclipse/sisu/org.eclipse.sisu.inject/0.3.4/org.eclipse.sisu.inject-0.3.4.jar:/home/mola/.m2/repository/io/quarkus/quarkus-test-common/2.0.1.Final/quarkus-test-common-2.0.1.Final.jar:/home/mola/.m2/repository/io/quarkus/quarkus-core-deployment/2.0.1.Final/quarkus-core-deployment-2.0.1.Final.jar:/home/mola/.m2/repository/org/aesh/readline/2.1/readline-2.1.jar:/home/mola/.m2/repository/org/fusesource/jansi/jansi/1.18/jansi-1.18.jar:/home/mola/.m2/repository/io/quarkus/gizmo/gizmo/1.0.9.Final/gizmo-1.0.9.Final.jar:/home/mola/.m2/repository/org/ow2/asm/asm-util/9.1/asm-util-9.1.jar:/home/mola/.m2/repository/org/ow2/asm/asm-tree/9.1/asm-tree-9.1.jar:/home/mola/.m2/repository/org/ow2/asm/asm-analysis/9.1/asm-analysis-9.1.jar:/home/mola/.m2/repository/org/ow2/asm/asm/9.1/asm-9.1.jar:/home/mola/.m2/repository/io/quarkus/quarkus-class-change-agent/2.0.1.Final/quarkus-class-change-agent-2.0.1.Final.jar:/home/mola/.m2/repository/io/quarkus/quarkus-devtools-utilities/2.0.1.Final/quarkus-devtools-utilities-2.0.1.Final.jar:/home/mola/.m2/repository/io/quarkus/quarkus-builder/2.0.1.Final/quarkus-builder-2.0.1.Final.jar:/home/mola/.m2/repository/org/junit/platform/junit-platform-launcher/1.7.2/junit-platform-launcher-1.7.2.jar:/home/mola/.m2/repository/io/quarkus/quarkus-jsonp-deployment/2.0.1.Final/quarkus-jsonp-deployment-2.0.1.Final.jar:/home/mola/.m2/repository/org/junit/jupiter/junit-jupiter/5.7.2/junit-jupiter-5.7.2.jar:/home/mola/.m2/repository/org/junit/jupiter/junit-jupiter-api/5.7.2/junit-jupiter-api-5.7.2.jar:/home/mola/.m2/repository/org/apiguardian/apiguardian-api/1.1.0/apiguardian-api-1.1.0.jar:/home/mola/.m2/repository/org/opentest4j/opentest4j/1.2.0/opentest4j-1.2.0.jar:/home/mola/.m2/repository/org/junit/platform/junit-platform-commons/1.7.2/junit-platform-commons-1.7.2.jar:/home/mola/.m2/repository/org/junit/jupiter/junit-jupiter-params/5.7.2/junit-jupiter-params-5.7.2.jar:/home/mola/.m2/repository/org/junit/jupiter/junit-jupiter-engine/5.7.2/junit-jupiter-engine-5.7.2.jar:/home/mola/.m2/repository/org/junit/platform/junit-platform-engine/1.7.2/junit-platform-engine-1.7.2.jar:/home/mola/.m2/repository/io/quarkus/quarkus-core/2.0.1.Final/quarkus-core-2.0.1.Final.jar:/home/mola/.m2/repository/jakarta/inject/jakarta.inject-api/1.0/jakarta.inject-api-1.0.jar:/home/mola/.m2/repository/io/quarkus/quarkus-ide-launcher/2.0.1.Final/quarkus-ide-launcher-2.0.1.Final.jar:/home/mola/.m2/repository/io/quarkus/quarkus-development-mode-spi/2.0.1.Final/quarkus-development-mode-spi-2.0.1.Final.jar:/home/mola/.m2/repository/io/smallrye/config/smallrye-config/2.3.0/smallrye-config-2.3.0.jar:/home/mola/.m2/repository/io/smallrye/config/smallrye-config-core/2.3.0/smallrye-config-core-2.3.0.jar:/home/mola/.m2/repository/org/eclipse/microprofile/config/microprofile-config-api/2.0/microprofile-config-api-2.0.jar:/home/mola/.m2/repository/io/smallrye/common/smallrye-common-expression/1.6.0/smallrye-common-expression-1.6.0.jar:/home/mola/.m2/repository/io/smallrye/common/smallrye-common-function/1.6.0/smallrye-common-function-1.6.0.jar:/home/mola/.m2/repository/io/smallrye/common/smallrye-common-constraint/1.6.0/smallrye-common-constraint-1.6.0.jar:/home/mola/.m2/repository/io/smallrye/common/smallrye-common-classloader/1.6.0/smallrye-common-classloader-1.6.0.jar:/home/mola/.m2/repository/io/smallrye/config/smallrye-config-common/2.3.0/smallrye-config-common-2.3.0.jar:/home/mola/.m2/repository/org/jboss/logmanager/jboss-logmanager-embedded/1.0.9/jboss-logmanager-embedded-1.0.9.jar:/home/mola/.m2/repository/org/jboss/logging/jboss-logging-annotations/2.2.1.Final/jboss-logging-annotations-2.2.1.Final.jar:/home/mola/.m2/repository/org/jboss/threads/jboss-threads/3.4.0.Final/jboss-threads-3.4.0.Final.jar:/home/mola/.m2/repository/org/jboss/slf4j/slf4j-jboss-logmanager/1.1.0.Final/slf4j-jboss-logmanager-1.1.0.Final.jar:/home/mola/.m2/repository/org/graalvm/sdk/graal-sdk/21.1.0/graal-sdk-21.1.0.jar:/home/mola/.m2/repository/org/wildfly/common/wildfly-common/1.5.4.Final-format-001/wildfly-common-1.5.4.Final-format-001.jar:/home/mola/.m2/repository/io/quarkus/quarkus-bootstrap-runner/2.0.1.Final/quarkus-bootstrap-runner-2.0.1.Final.jar:/home/mola/.m2/repository/com/thoughtworks/xstream/xstream/1.4.17/xstream-1.4.17.jar:/home/mola/.m2/repository/io/github/x-stream/mxparser/1.2.1/mxparser-1.2.1.jar:/home/mola/.m2/repository/xmlpull/xmlpull/1.1.3.1/xmlpull-1.1.3.1.jar:/home/mola/.m2/repository/io/quarkus/quarkus-smallrye-health/2.0.1.Final/quarkus-smallrye-health-2.0.1.Final.jar:/home/mola/.m2/repository/io/smallrye/smallrye-health/3.0.2/smallrye-health-3.0.2.jar:/home/mola/.m2/repository/org/eclipse/microprofile/health/microprofile-health-api/3.0/microprofile-health-api-3.0.jar:/home/mola/.m2/repository/io/smallrye/smallrye-health-api/3.0.2/smallrye-health-api-3.0.2.jar:/home/mola/.m2/repository/io/smallrye/smallrye-health-provided-checks/3.0.2/smallrye-health-provided-checks-3.0.2.jar:/home/mola/.m2/repository/org/jboss/resteasy/resteasy-client/4.6.1.Final/resteasy-client-4.6.1.Final.jar:/home/mola/.m2/repository/org/jboss/resteasy/resteasy-client-api/4.6.1.Final/resteasy-client-api-4.6.1.Final.jar:/home/mola/.m2/repository/org/jboss/resteasy/resteasy-core-spi/4.6.1.Final/resteasy-core-spi-4.6.1.Final.jar:/home/mola/.m2/repository/org/jboss/spec/javax/xml/bind/jboss-jaxb-api_2.3_spec/2.0.0.Final/jboss-jaxb-api_2.3_spec-2.0.0.Final.jar:/home/mola/.m2/repository/org/reactivestreams/reactive-streams/1.0.3/reactive-streams-1.0.3.jar:/home/mola/.m2/repository/jakarta/validation/jakarta.validation-api/2.0.2/jakarta.validation-api-2.0.2.jar:/home/mola/.m2/repository/com/sun/activation/jakarta.activation/1.2.1/jakarta.activation-1.2.1.jar:/home/mola/.m2/repository/org/jboss/resteasy/resteasy-core/4.6.1.Final/resteasy-core-4.6.1.Final.jar:/home/mola/.m2/repository/com/ibm/async/asyncutil/0.1.0/asyncutil-0.1.0.jar:/home/mola/.m2/repository/org/jboss/logging/jboss-logging/3.4.2.Final/jboss-logging-3.4.2.Final.jar:/home/mola/.m2/repository/org/apache/httpcomponents/httpclient/4.5.13/httpclient-4.5.13.jar:/home/mola/.m2/repository/org/apache/httpcomponents/httpcore/4.4.14/httpcore-4.4.14.jar:/home/mola/.m2/repository/commons-logging/commons-logging/1.2/commons-logging-1.2.jar:/home/mola/.m2/repository/commons-codec/commons-codec/1.15/commons-codec-1.15.jar:/home/mola/.m2/repository/commons-io/commons-io/2.8.0/commons-io-2.8.0.jar:/home/mola/.m2/repository/io/rest-assured/rest-assured/4.4.0/rest-assured-4.4.0.jar:/home/mola/.m2/repository/org/codehaus/groovy/groovy/3.0.8/groovy-3.0.8.jar:/home/mola/.m2/repository/org/codehaus/groovy/groovy-xml/3.0.8/groovy-xml-3.0.8.jar:/home/mola/.m2/repository/org/apache/httpcomponents/httpmime/4.5.13/httpmime-4.5.13.jar:/home/mola/.m2/repository/org/hamcrest/hamcrest/2.1/hamcrest-2.1.jar:/home/mola/.m2/repository/org/ccil/cowan/tagsoup/tagsoup/1.2.1/tagsoup-1.2.1.jar:/home/mola/.m2/repository/io/rest-assured/json-path/4.4.0/json-path-4.4.0.jar:/home/mola/.m2/repository/org/codehaus/groovy/groovy-json/3.0.8/groovy-json-3.0.8.jar:/home/mola/.m2/repository/io/rest-assured/rest-assured-common/4.4.0/rest-assured-common-4.4.0.jar:/home/mola/.m2/repository/io/rest-assured/xml-path/4.4.0/xml-path-4.4.0.jar:/home/mola/.m2/repository/org/apache/commons/commons-lang3/3.12.0/commons-lang3-3.12.0.jar:/home/mola/.m2/repository/jakarta/xml/bind/jakarta.xml.bind-api/2.3.3/jakarta.xml.bind-api-2.3.3.jar:/home/mola/.m2/repository/jakarta/activation/jakarta.activation-api/1.2.1/jakarta.activation-api-1.2.1.jar:/home/mola/.m2/repository/com/sun/xml/bind/jaxb-impl/2.3.3/jaxb-impl-2.3.3.jar:/home/mola/.m2/repository/org/awaitility/awaitility/4.1.0/awaitility-4.1.0.jar:"/>
    <property name="java.vm.vendor" value="Red Hat, Inc."/>
    <property name="sun.arch.data.model" value="64"/>
    <property name="java.vendor.url" value="https://www.redhat.com/"/>
    <property name="user.timezone" value="Asia/Taipei"/>
    <property name="java.vm.specification.version" value="11"/>
    <property name="os.name" value="Linux"/>
    <property name="sun.java.launcher" value="SUN_STANDARD"/>
    <property name="user.country" value="US"/>
    <property name="sun.boot.library.path" value="/usr/lib/jvm/java-11-openjdk-11.0.13.0.8-1.fc34.x86_64/lib"/>
    <property name="sun.java.command" value="/mnt/c/Users/mola7/demo/kafka_lab/quarkus-app/target/surefire/surefirebooter7879662282635331674.jar /mnt/c/Users/mola7/demo/kafka_lab/quarkus-app/target/surefire 2021-11-24T16-24-46_611-jvmRun1 surefire12768919528469226343tmp surefire_04535857899189839062tmp"/>
    <property name="maven.home" value="/home/mola/.m2/wrapper/dists/apache-maven-3.6.3-bin/1iopthnavndlasol9gbrbg6bf2/apache-maven-3.6.3"/>
    <property name="jdk.debug" value="release"/>
    <property name="surefire.test.class.path" value="/mnt/c/Users/mola7/demo/kafka_lab/quarkus-app/target/test-classes:/mnt/c/Users/mola7/demo/kafka_lab/quarkus-app/target/classes:/home/mola/.m2/repository/io/quarkus/quarkus-resteasy-reactive/2.0.1.Final/quarkus-resteasy-reactive-2.0.1.Final.jar:/home/mola/.m2/repository/org/jboss/spec/javax/ws/rs/jboss-jaxrs-api_2.1_spec/2.0.1.Final/jboss-jaxrs-api_2.1_spec-2.0.1.Final.jar:/home/mola/.m2/repository/io/quarkus/resteasy/reactive/resteasy-reactive-vertx/2.0.1.Final/resteasy-reactive-vertx-2.0.1.Final.jar:/home/mola/.m2/repository/io/vertx/vertx-web/4.1.0/vertx-web-4.1.0.jar:/home/mola/.m2/repository/io/vertx/vertx-web-common/4.1.0/vertx-web-common-4.1.0.jar:/home/mola/.m2/repository/io/vertx/vertx-auth-common/4.1.0/vertx-auth-common-4.1.0.jar:/home/mola/.m2/repository/io/vertx/vertx-bridge-common/4.1.0/vertx-bridge-common-4.1.0.jar:/home/mola/.m2/repository/io/quarkus/resteasy/reactive/resteasy-reactive/2.0.1.Final/resteasy-reactive-2.0.1.Final.jar:/home/mola/.m2/repository/jakarta/enterprise/jakarta.enterprise.cdi-api/2.0.2/jakarta.enterprise.cdi-api-2.0.2.jar:/home/mola/.m2/repository/jakarta/el/jakarta.el-api/3.0.3/jakarta.el-api-3.0.3.jar:/home/mola/.m2/repository/jakarta/interceptor/jakarta.interceptor-api/1.2.5/jakarta.interceptor-api-1.2.5.jar:/home/mola/.m2/repository/org/jboss/logging/commons-logging-jboss-logging/1.0.0.Final/commons-logging-jboss-logging-1.0.0.Final.jar:/home/mola/.m2/repository/io/quarkus/quarkus-resteasy-reactive-common/2.0.1.Final/quarkus-resteasy-reactive-common-2.0.1.Final.jar:/home/mola/.m2/repository/io/quarkus/resteasy/reactive/resteasy-reactive-common/2.0.1.Final/resteasy-reactive-common-2.0.1.Final.jar:/home/mola/.m2/repository/io/quarkus/quarkus-mutiny/2.0.1.Final/quarkus-mutiny-2.0.1.Final.jar:/home/mola/.m2/repository/io/quarkus/quarkus-smallrye-context-propagation/2.0.1.Final/quarkus-smallrye-context-propagation-2.0.1.Final.jar:/home/mola/.m2/repository/io/smallrye/smallrye-context-propagation/1.2.0/smallrye-context-propagation-1.2.0.jar:/home/mola/.m2/repository/io/smallrye/smallrye-context-propagation-api/1.2.0/smallrye-context-propagation-api-1.2.0.jar:/home/mola/.m2/repository/io/smallrye/smallrye-context-propagation-storage/1.2.0/smallrye-context-propagation-storage-1.2.0.jar:/home/mola/.m2/repository/io/smallrye/reactive/mutiny-smallrye-context-propagation/0.17.0/mutiny-smallrye-context-propagation-0.17.0.jar:/home/mola/.m2/repository/io/quarkus/quarkus-vertx-core/2.0.1.Final/quarkus-vertx-core-2.0.1.Final.jar:/home/mola/.m2/repository/io/quarkus/quarkus-netty/2.0.1.Final/quarkus-netty-2.0.1.Final.jar:/home/mola/.m2/repository/io/netty/netty-codec/4.1.65.Final/netty-codec-4.1.65.Final.jar:/home/mola/.m2/repository/io/netty/netty-codec-haproxy/4.1.65.Final/netty-codec-haproxy-4.1.65.Final.jar:/home/mola/.m2/repository/io/quarkus/quarkus-resteasy-reactive-kotlin/2.0.1.Final/quarkus-resteasy-reactive-kotlin-2.0.1.Final.jar:/home/mola/.m2/repository/io/quarkus/quarkus-vertx-http/2.0.1.Final/quarkus-vertx-http-2.0.1.Final.jar:/home/mola/.m2/repository/io/quarkus/quarkus-security-runtime-spi/2.0.1.Final/quarkus-security-runtime-spi-2.0.1.Final.jar:/home/mola/.m2/repository/io/quarkus/quarkus-vertx-http-dev-console-runtime-spi/2.0.1.Final/quarkus-vertx-http-dev-console-runtime-spi-2.0.1.Final.jar:/home/mola/.m2/repository/io/quarkus/arc/arc/2.0.1.Final/arc-2.0.1.Final.jar:/home/mola/.m2/repository/jakarta/transaction/jakarta.transaction-api/1.3.3/jakarta.transaction-api-1.3.3.jar:/home/mola/.m2/repository/io/quarkus/security/quarkus-security/1.1.4.Final/quarkus-security-1.1.4.Final.jar:/home/mola/.m2/repository/io/quarkus/quarkus-jsonp/2.0.1.Final/quarkus-jsonp-2.0.1.Final.jar:/home/mola/.m2/repository/org/glassfish/jakarta.json/1.1.6/jakarta.json-1.1.6.jar:/home/mola/.m2/repository/io/quarkus/quarkus-smallrye-reactive-messaging-kafka/2.0.1.Final/quarkus-smallrye-reactive-messaging-kafka-2.0.1.Final.jar:/home/mola/.m2/repository/io/quarkus/quarkus-kafka-client/2.0.1.Final/quarkus-kafka-client-2.0.1.Final.jar:/home/mola/.m2/repository/io/quarkus/quarkus-arc/2.0.1.Final/quarkus-arc-2.0.1.Final.jar:/home/mola/.m2/repository/org/eclipse/microprofile/context-propagation/microprofile-context-propagation-api/1.2/microprofile-context-propagation-api-1.2.jar:/home/mola/.m2/repository/io/quarkus/quarkus-caffeine/2.0.1.Final/quarkus-caffeine-2.0.1.Final.jar:/home/mola/.m2/repository/com/github/ben-manes/caffeine/caffeine/2.9.1/caffeine-2.9.1.jar:/home/mola/.m2/repository/com/google/errorprone/error_prone_annotations/2.2.0/error_prone_annotations-2.2.0.jar:/home/mola/.m2/repository/io/smallrye/reactive/smallrye-reactive-messaging-kafka/3.5.0/smallrye-reactive-messaging-kafka-3.5.0.jar:/home/mola/.m2/repository/io/smallrye/reactive/smallrye-mutiny-vertx-kafka-client/2.6.0/smallrye-mutiny-vertx-kafka-client-2.6.0.jar:/home/mola/.m2/repository/org/apache/zookeeper/zookeeper/3.5.7/zookeeper-3.5.7.jar:/home/mola/.m2/repository/org/apache/zookeeper/zookeeper-jute/3.5.7/zookeeper-jute-3.5.7.jar:/home/mola/.m2/repository/org/apache/yetus/audience-annotations/0.5.0/audience-annotations-0.5.0.jar:/home/mola/.m2/repository/io/netty/netty-transport-native-epoll/4.1.65.Final/netty-transport-native-epoll-4.1.65.Final.jar:/home/mola/.m2/repository/io/netty/netty-transport-native-unix-common/4.1.65.Final/netty-transport-native-unix-common-4.1.65.Final.jar:/home/mola/.m2/repository/io/opentelemetry/opentelemetry-api/1.3.0/opentelemetry-api-1.3.0.jar:/home/mola/.m2/repository/io/opentelemetry/opentelemetry-context/1.3.0/opentelemetry-context-1.3.0.jar:/home/mola/.m2/repository/io/opentelemetry/opentelemetry-semconv/1.3.0-alpha/opentelemetry-semconv-1.3.0-alpha.jar:/home/mola/.m2/repository/io/smallrye/reactive/smallrye-reactive-converter-api/2.6.0/smallrye-reactive-converter-api-2.6.0.jar:/home/mola/.m2/repository/io/smallrye/reactive/mutiny/0.17.0/mutiny-0.17.0.jar:/home/mola/.m2/repository/io/quarkus/quarkus-jackson/2.0.1.Final/quarkus-jackson-2.0.1.Final.jar:/home/mola/.m2/repository/com/fasterxml/jackson/core/jackson-databind/2.12.3/jackson-databind-2.12.3.jar:/home/mola/.m2/repository/com/fasterxml/jackson/core/jackson-annotations/2.12.3/jackson-annotations-2.12.3.jar:/home/mola/.m2/repository/com/fasterxml/jackson/core/jackson-core/2.12.3/jackson-core-2.12.3.jar:/home/mola/.m2/repository/com/fasterxml/jackson/datatype/jackson-datatype-jsr310/2.12.3/jackson-datatype-jsr310-2.12.3.jar:/home/mola/.m2/repository/com/fasterxml/jackson/datatype/jackson-datatype-jdk8/2.12.3/jackson-datatype-jdk8-2.12.3.jar:/home/mola/.m2/repository/com/fasterxml/jackson/module/jackson-module-parameter-names/2.12.3/jackson-module-parameter-names-2.12.3.jar:/home/mola/.m2/repository/org/apache/kafka/kafka-clients/2.8.0/kafka-clients-2.8.0.jar:/home/mola/.m2/repository/com/github/luben/zstd-jni/1.4.9-1/zstd-jni-1.4.9-1.jar:/home/mola/.m2/repository/org/lz4/lz4-java/1.7.1/lz4-java-1.7.1.jar:/home/mola/.m2/repository/org/xerial/snappy/snappy-java/1.1.8.1/snappy-java-1.1.8.1.jar:/home/mola/.m2/repository/org/slf4j/slf4j-api/1.7.30/slf4j-api-1.7.30.jar:/home/mola/.m2/repository/io/vertx/vertx-kafka-client/4.1.0/vertx-kafka-client-4.1.0.jar:/home/mola/.m2/repository/io/vertx/vertx-core/4.1.0/vertx-core-4.1.0.jar:/home/mola/.m2/repository/io/netty/netty-common/4.1.65.Final/netty-common-4.1.65.Final.jar:/home/mola/.m2/repository/io/netty/netty-buffer/4.1.65.Final/netty-buffer-4.1.65.Final.jar:/home/mola/.m2/repository/io/netty/netty-transport/4.1.65.Final/netty-transport-4.1.65.Final.jar:/home/mola/.m2/repository/io/netty/netty-handler/4.1.65.Final/netty-handler-4.1.65.Final.jar:/home/mola/.m2/repository/io/netty/netty-handler-proxy/4.1.65.Final/netty-handler-proxy-4.1.65.Final.jar:/home/mola/.m2/repository/io/netty/netty-codec-socks/4.1.65.Final/netty-codec-socks-4.1.65.Final.jar:/home/mola/.m2/repository/io/netty/netty-codec-http/4.1.65.Final/netty-codec-http-4.1.65.Final.jar:/home/mola/.m2/repository/io/netty/netty-codec-http2/4.1.65.Final/netty-codec-http2-4.1.65.Final.jar:/home/mola/.m2/repository/io/netty/netty-resolver/4.1.65.Final/netty-resolver-4.1.65.Final.jar:/home/mola/.m2/repository/io/netty/netty-resolver-dns/4.1.65.Final/netty-resolver-dns-4.1.65.Final.jar:/home/mola/.m2/repository/io/netty/netty-codec-dns/4.1.65.Final/netty-codec-dns-4.1.65.Final.jar:/home/mola/.m2/repository/io/quarkus/quarkus-smallrye-reactive-messaging/2.0.1.Final/quarkus-smallrye-reactive-messaging-2.0.1.Final.jar:/home/mola/.m2/repository/io/quarkus/quarkus-mutiny-reactive-streams-operators/2.0.1.Final/quarkus-mutiny-reactive-streams-operators-2.0.1.Final.jar:/home/mola/.m2/repository/org/eclipse/microprofile/reactive-streams-operators/microprofile-reactive-streams-operators-api/1.0.1/microprofile-reactive-streams-operators-api-1.0.1.jar:/home/mola/.m2/repository/org/eclipse/microprofile/reactive-streams-operators/microprofile-reactive-streams-operators-core/1.0.1/microprofile-reactive-streams-operators-core-1.0.1.jar:/home/mola/.m2/repository/io/smallrye/reactive/mutiny-reactive-streams-operators/0.17.0/mutiny-reactive-streams-operators-0.17.0.jar:/home/mola/.m2/repository/io/quarkus/quarkus-smallrye-reactive-messaging-kotlin/2.0.1.Final/quarkus-smallrye-reactive-messaging-kotlin-2.0.1.Final.jar:/home/mola/.m2/repository/io/quarkus/quarkus-vertx/2.0.1.Final/quarkus-vertx-2.0.1.Final.jar:/home/mola/.m2/repository/io/smallrye/smallrye-fault-tolerance-vertx/5.1.0/smallrye-fault-tolerance-vertx-5.1.0.jar:/home/mola/.m2/repository/io/smallrye/common/smallrye-common-annotation/1.6.0/smallrye-common-annotation-1.6.0.jar:/home/mola/.m2/repository/io/smallrye/reactive/smallrye-reactive-messaging-health/3.5.0/smallrye-reactive-messaging-health-3.5.0.jar:/home/mola/.m2/repository/io/smallrye/reactive/smallrye-reactive-messaging-provider/3.5.0/smallrye-reactive-messaging-provider-3.5.0.jar:/home/mola/.m2/repository/io/smallrye/reactive/smallrye-reactive-messaging-api/3.5.0/smallrye-reactive-messaging-api-3.5.0.jar:/home/mola/.m2/repository/io/smallrye/reactive/smallrye-mutiny-vertx-core/2.7.0/smallrye-mutiny-vertx-core-2.7.0.jar:/home/mola/.m2/repository/io/smallrye/reactive/smallrye-mutiny-vertx-runtime/2.7.0/smallrye-mutiny-vertx-runtime-2.7.0.jar:/home/mola/.m2/repository/io/smallrye/reactive/vertx-mutiny-generator/2.7.0/vertx-mutiny-generator-2.7.0.jar:/home/mola/.m2/repository/io/vertx/vertx-codegen/4.1.0/vertx-codegen-4.1.0.jar:/home/mola/.m2/repository/org/jboss/jandex/2.3.0.Final/jandex-2.3.0.Final.jar:/home/mola/.m2/repository/jakarta/annotation/jakarta.annotation-api/1.3.5/jakarta.annotation-api-1.3.5.jar:/home/mola/.m2/repository/io/quarkus/quarkus-junit5/2.0.1.Final/quarkus-junit5-2.0.1.Final.jar:/home/mola/.m2/repository/io/quarkus/quarkus-bootstrap-core/2.0.1.Final/quarkus-bootstrap-core-2.0.1.Final.jar:/home/mola/.m2/repository/io/quarkus/quarkus-bootstrap-app-model/2.0.1.Final/quarkus-bootstrap-app-model-2.0.1.Final.jar:/home/mola/.m2/repository/io/quarkus/quarkus-bootstrap-maven-resolver/2.0.1.Final/quarkus-bootstrap-maven-resolver-2.0.1.Final.jar:/home/mola/.m2/repository/org/apache/maven/maven-embedder/3.8.1/maven-embedder-3.8.1.jar:/home/mola/.m2/repository/org/apache/maven/maven-settings/3.8.1/maven-settings-3.8.1.jar:/home/mola/.m2/repository/org/apache/maven/maven-core/3.8.1/maven-core-3.8.1.jar:/home/mola/.m2/repository/org/apache/maven/maven-artifact/3.8.1/maven-artifact-3.8.1.jar:/home/mola/.m2/repository/org/codehaus/plexus/plexus-component-annotations/2.1.0/plexus-component-annotations-2.1.0.jar:/home/mola/.m2/repository/org/apache/maven/maven-plugin-api/3.8.1/maven-plugin-api-3.8.1.jar:/home/mola/.m2/repository/org/apache/maven/maven-model/3.8.1/maven-model-3.8.1.jar:/home/mola/.m2/repository/org/apache/maven/maven-model-builder/3.8.1/maven-model-builder-3.8.1.jar:/home/mola/.m2/repository/org/apache/maven/maven-builder-support/3.8.1/maven-builder-support-3.8.1.jar:/home/mola/.m2/repository/org/apache/maven/resolver/maven-resolver-api/1.6.2/maven-resolver-api-1.6.2.jar:/home/mola/.m2/repository/org/apache/maven/resolver/maven-resolver-util/1.6.2/maven-resolver-util-1.6.2.jar:/home/mola/.m2/repository/org/apache/maven/shared/maven-shared-utils/3.3.3/maven-shared-utils-3.3.3.jar:/home/mola/.m2/repository/com/google/inject/guice/4.2.1/guice-4.2.1-no_aop.jar:/home/mola/.m2/repository/com/google/guava/guava/30.1.1-jre/guava-30.1.1-jre.jar:/home/mola/.m2/repository/com/google/guava/failureaccess/1.0.1/failureaccess-1.0.1.jar:/home/mola/.m2/repository/com/google/guava/listenablefuture/9999.0-empty-to-avoid-conflict-with-guava/listenablefuture-9999.0-empty-to-avoid-conflict-with-guava.jar:/home/mola/.m2/repository/org/codehaus/plexus/plexus-utils/3.2.1/plexus-utils-3.2.1.jar:/home/mola/.m2/repository/org/codehaus/plexus/plexus-classworlds/2.6.0/plexus-classworlds-2.6.0.jar:/home/mola/.m2/repository/commons-cli/commons-cli/1.4/commons-cli-1.4.jar:/home/mola/.m2/repository/org/eclipse/sisu/org.eclipse.sisu.plexus/0.3.4/org.eclipse.sisu.plexus-0.3.4.jar:/home/mola/.m2/repository/org/apache/maven/maven-settings-builder/3.8.1/maven-settings-builder-3.8.1.jar:/home/mola/.m2/repository/org/codehaus/plexus/plexus-interpolation/1.25/plexus-interpolation-1.25.jar:/home/mola/.m2/repository/org/sonatype/plexus/plexus-sec-dispatcher/1.4/plexus-sec-dispatcher-1.4.jar:/home/mola/.m2/repository/org/sonatype/plexus/plexus-cipher/1.4/plexus-cipher-1.4.jar:/home/mola/.m2/repository/org/apache/maven/maven-resolver-provider/3.8.1/maven-resolver-provider-3.8.1.jar:/home/mola/.m2/repository/org/apache/maven/maven-repository-metadata/3.8.1/maven-repository-metadata-3.8.1.jar:/home/mola/.m2/repository/org/apache/maven/resolver/maven-resolver-spi/1.6.2/maven-resolver-spi-1.6.2.jar:/home/mola/.m2/repository/org/apache/maven/resolver/maven-resolver-impl/1.6.2/maven-resolver-impl-1.6.2.jar:/home/mola/.m2/repository/org/apache/maven/resolver/maven-resolver-connector-basic/1.6.2/maven-resolver-connector-basic-1.6.2.jar:/home/mola/.m2/repository/org/apache/maven/resolver/maven-resolver-transport-wagon/1.6.2/maven-resolver-transport-wagon-1.6.2.jar:/home/mola/.m2/repository/org/apache/maven/wagon/wagon-http/3.4.3/wagon-http-3.4.3.jar:/home/mola/.m2/repository/org/apache/maven/wagon/wagon-http-shared/3.4.3/wagon-http-shared-3.4.3.jar:/home/mola/.m2/repository/org/jsoup/jsoup/1.12.1/jsoup-1.12.1.jar:/home/mola/.m2/repository/org/apache/maven/wagon/wagon-provider-api/3.4.3/wagon-provider-api-3.4.3.jar:/home/mola/.m2/repository/org/apache/maven/wagon/wagon-file/3.4.3/wagon-file-3.4.3.jar:/home/mola/.m2/repository/io/quarkus/quarkus-bootstrap-gradle-resolver/2.0.1.Final/quarkus-bootstrap-gradle-resolver-2.0.1.Final.jar:/home/mola/.m2/repository/io/smallrye/common/smallrye-common-io/1.6.0/smallrye-common-io-1.6.0.jar:/home/mola/.m2/repository/org/eclipse/sisu/org.eclipse.sisu.inject/0.3.4/org.eclipse.sisu.inject-0.3.4.jar:/home/mola/.m2/repository/io/quarkus/quarkus-test-common/2.0.1.Final/quarkus-test-common-2.0.1.Final.jar:/home/mola/.m2/repository/io/quarkus/quarkus-core-deployment/2.0.1.Final/quarkus-core-deployment-2.0.1.Final.jar:/home/mola/.m2/repository/org/aesh/readline/2.1/readline-2.1.jar:/home/mola/.m2/repository/org/fusesource/jansi/jansi/1.18/jansi-1.18.jar:/home/mola/.m2/repository/io/quarkus/gizmo/gizmo/1.0.9.Final/gizmo-1.0.9.Final.jar:/home/mola/.m2/repository/org/ow2/asm/asm-util/9.1/asm-util-9.1.jar:/home/mola/.m2/repository/org/ow2/asm/asm-tree/9.1/asm-tree-9.1.jar:/home/mola/.m2/repository/org/ow2/asm/asm-analysis/9.1/asm-analysis-9.1.jar:/home/mola/.m2/repository/org/ow2/asm/asm/9.1/asm-9.1.jar:/home/mola/.m2/repository/io/quarkus/quarkus-class-change-agent/2.0.1.Final/quarkus-class-change-agent-2.0.1.Final.jar:/home/mola/.m2/repository/io/quarkus/quarkus-devtools-utilities/2.0.1.Final/quarkus-devtools-utilities-2.0.1.Final.jar:/home/mola/.m2/repository/io/quarkus/quarkus-builder/2.0.1.Final/quarkus-builder-2.0.1.Final.jar:/home/mola/.m2/repository/org/junit/platform/junit-platform-launcher/1.7.2/junit-platform-launcher-1.7.2.jar:/home/mola/.m2/repository/io/quarkus/quarkus-jsonp-deployment/2.0.1.Final/quarkus-jsonp-deployment-2.0.1.Final.jar:/home/mola/.m2/repository/org/junit/jupiter/junit-jupiter/5.7.2/junit-jupiter-5.7.2.jar:/home/mola/.m2/repository/org/junit/jupiter/junit-jupiter-api/5.7.2/junit-jupiter-api-5.7.2.jar:/home/mola/.m2/repository/org/apiguardian/apiguardian-api/1.1.0/apiguardian-api-1.1.0.jar:/home/mola/.m2/repository/org/opentest4j/opentest4j/1.2.0/opentest4j-1.2.0.jar:/home/mola/.m2/repository/org/junit/platform/junit-platform-commons/1.7.2/junit-platform-commons-1.7.2.jar:/home/mola/.m2/repository/org/junit/jupiter/junit-jupiter-params/5.7.2/junit-jupiter-params-5.7.2.jar:/home/mola/.m2/repository/org/junit/jupiter/junit-jupiter-engine/5.7.2/junit-jupiter-engine-5.7.2.jar:/home/mola/.m2/repository/org/junit/platform/junit-platform-engine/1.7.2/junit-platform-engine-1.7.2.jar:/home/mola/.m2/repository/io/quarkus/quarkus-core/2.0.1.Final/quarkus-core-2.0.1.Final.jar:/home/mola/.m2/repository/jakarta/inject/jakarta.inject-api/1.0/jakarta.inject-api-1.0.jar:/home/mola/.m2/repository/io/quarkus/quarkus-ide-launcher/2.0.1.Final/quarkus-ide-launcher-2.0.1.Final.jar:/home/mola/.m2/repository/io/quarkus/quarkus-development-mode-spi/2.0.1.Final/quarkus-development-mode-spi-2.0.1.Final.jar:/home/mola/.m2/repository/io/smallrye/config/smallrye-config/2.3.0/smallrye-config-2.3.0.jar:/home/mola/.m2/repository/io/smallrye/config/smallrye-config-core/2.3.0/smallrye-config-core-2.3.0.jar:/home/mola/.m2/repository/org/eclipse/microprofile/config/microprofile-config-api/2.0/microprofile-config-api-2.0.jar:/home/mola/.m2/repository/io/smallrye/common/smallrye-common-expression/1.6.0/smallrye-common-expression-1.6.0.jar:/home/mola/.m2/repository/io/smallrye/common/smallrye-common-function/1.6.0/smallrye-common-function-1.6.0.jar:/home/mola/.m2/repository/io/smallrye/common/smallrye-common-constraint/1.6.0/smallrye-common-constraint-1.6.0.jar:/home/mola/.m2/repository/io/smallrye/common/smallrye-common-classloader/1.6.0/smallrye-common-classloader-1.6.0.jar:/home/mola/.m2/repository/io/smallrye/config/smallrye-config-common/2.3.0/smallrye-config-common-2.3.0.jar:/home/mola/.m2/repository/org/jboss/logmanager/jboss-logmanager-embedded/1.0.9/jboss-logmanager-embedded-1.0.9.jar:/home/mola/.m2/repository/org/jboss/logging/jboss-logging-annotations/2.2.1.Final/jboss-logging-annotations-2.2.1.Final.jar:/home/mola/.m2/repository/org/jboss/threads/jboss-threads/3.4.0.Final/jboss-threads-3.4.0.Final.jar:/home/mola/.m2/repository/org/jboss/slf4j/slf4j-jboss-logmanager/1.1.0.Final/slf4j-jboss-logmanager-1.1.0.Final.jar:/home/mola/.m2/repository/org/graalvm/sdk/graal-sdk/21.1.0/graal-sdk-21.1.0.jar:/home/mola/.m2/repository/org/wildfly/common/wildfly-common/1.5.4.Final-format-001/wildfly-common-1.5.4.Final-format-001.jar:/home/mola/.m2/repository/io/quarkus/quarkus-bootstrap-runner/2.0.1.Final/quarkus-bootstrap-runner-2.0.1.Final.jar:/home/mola/.m2/repository/com/thoughtworks/xstream/xstream/1.4.17/xstream-1.4.17.jar:/home/mola/.m2/repository/io/github/x-stream/mxparser/1.2.1/mxparser-1.2.1.jar:/home/mola/.m2/repository/xmlpull/xmlpull/1.1.3.1/xmlpull-1.1.3.1.jar:/home/mola/.m2/repository/io/quarkus/quarkus-smallrye-health/2.0.1.Final/quarkus-smallrye-health-2.0.1.Final.jar:/home/mola/.m2/repository/io/smallrye/smallrye-health/3.0.2/smallrye-health-3.0.2.jar:/home/mola/.m2/repository/org/eclipse/microprofile/health/microprofile-health-api/3.0/microprofile-health-api-3.0.jar:/home/mola/.m2/repository/io/smallrye/smallrye-health-api/3.0.2/smallrye-health-api-3.0.2.jar:/home/mola/.m2/repository/io/smallrye/smallrye-health-provided-checks/3.0.2/smallrye-health-provided-checks-3.0.2.jar:/home/mola/.m2/repository/org/jboss/resteasy/resteasy-client/4.6.1.Final/resteasy-client-4.6.1.Final.jar:/home/mola/.m2/repository/org/jboss/resteasy/resteasy-client-api/4.6.1.Final/resteasy-client-api-4.6.1.Final.jar:/home/mola/.m2/repository/org/jboss/resteasy/resteasy-core-spi/4.6.1.Final/resteasy-core-spi-4.6.1.Final.jar:/home/mola/.m2/repository/org/jboss/spec/javax/xml/bind/jboss-jaxb-api_2.3_spec/2.0.0.Final/jboss-jaxb-api_2.3_spec-2.0.0.Final.jar:/home/mola/.m2/repository/org/reactivestreams/reactive-streams/1.0.3/reactive-streams-1.0.3.jar:/home/mola/.m2/repository/jakarta/validation/jakarta.validation-api/2.0.2/jakarta.validation-api-2.0.2.jar:/home/mola/.m2/repository/com/sun/activation/jakarta.activation/1.2.1/jakarta.activation-1.2.1.jar:/home/mola/.m2/repository/org/jboss/resteasy/resteasy-core/4.6.1.Final/resteasy-core-4.6.1.Final.jar:/home/mola/.m2/repository/com/ibm/async/asyncutil/0.1.0/asyncutil-0.1.0.jar:/home/mola/.m2/repository/org/jboss/logging/jboss-logging/3.4.2.Final/jboss-logging-3.4.2.Final.jar:/home/mola/.m2/repository/org/apache/httpcomponents/httpclient/4.5.13/httpclient-4.5.13.jar:/home/mola/.m2/repository/org/apache/httpcomponents/httpcore/4.4.14/httpcore-4.4.14.jar:/home/mola/.m2/repository/commons-logging/commons-logging/1.2/commons-logging-1.2.jar:/home/mola/.m2/repository/commons-codec/commons-codec/1.15/commons-codec-1.15.jar:/home/mola/.m2/repository/commons-io/commons-io/2.8.0/commons-io-2.8.0.jar:/home/mola/.m2/repository/io/rest-assured/rest-assured/4.4.0/rest-assured-4.4.0.jar:/home/mola/.m2/repository/org/codehaus/groovy/groovy/3.0.8/groovy-3.0.8.jar:/home/mola/.m2/repository/org/codehaus/groovy/groovy-xml/3.0.8/groovy-xml-3.0.8.jar:/home/mola/.m2/repository/org/apache/httpcomponents/httpmime/4.5.13/httpmime-4.5.13.jar:/home/mola/.m2/repository/org/hamcrest/hamcrest/2.1/hamcrest-2.1.jar:/home/mola/.m2/repository/org/ccil/cowan/tagsoup/tagsoup/1.2.1/tagsoup-1.2.1.jar:/home/mola/.m2/repository/io/rest-assured/json-path/4.4.0/json-path-4.4.0.jar:/home/mola/.m2/repository/org/codehaus/groovy/groovy-json/3.0.8/groovy-json-3.0.8.jar:/home/mola/.m2/repository/io/rest-assured/rest-assured-common/4.4.0/rest-assured-common-4.4.0.jar:/home/mola/.m2/repository/io/rest-assured/xml-path/4.4.0/xml-path-4.4.0.jar:/home/mola/.m2/repository/org/apache/commons/commons-lang3/3.12.0/commons-lang3-3.12.0.jar:/home/mola/.m2/repository/jakarta/xml/bind/jakarta.xml.bind-api/2.3.3/jakarta.xml.bind-api-2.3.3.jar:/home/mola/.m2/repository/jakarta/activation/jakarta.activation-api/1.2.1/jakarta.activation-api-1.2.1.jar:/home/mola/.m2/repository/com/sun/xml/bind/jaxb-impl/2.3.3/jaxb-impl-2.3.3.jar:/home/mola/.m2/repository/org/awaitility/awaitility/4.1.0/awaitility-4.1.0.jar:"/>
    <property name="sun.cpu.endian" value="little"/>
    <property name="user.home" value="/home/mola"/>
    <property name="user.language" value="en"/>
    <property name="java.specification.vendor" value="Oracle Corporation"/>
    <property name="io.netty.allocator.maxOrder" value="3"/>
    <property name="java.version.date" value="2021-10-19"/>
    <property name="java.home" value="/usr/lib/jvm/java-11-openjdk-11.0.13.0.8-1.fc34.x86_64"/>
    <property name="file.separator" value="/"/>
    <property name="basedir" value="/mnt/c/Users/mola7/demo/kafka_lab/quarkus-app"/>
    <property name="java.vm.compressedOopsMode" value="Zero based"/>
    <property name="line.separator" value="&#10;"/>
    <property name="java.specification.name" value="Java Platform API Specification"/>
    <property name="java.vm.specification.vendor" value="Oracle Corporation"/>
    <property name="java.awt.graphicsenv" value="sun.awt.X11GraphicsEnvironment"/>
    <property name="surefire.real.class.path" value="/mnt/c/Users/mola7/demo/kafka_lab/quarkus-app/target/surefire/surefirebooter7879662282635331674.jar"/>
    <property name="sun.management.compiler" value="HotSpot 64-Bit Tiered Compilers"/>
    <property name="java.runtime.version" value="11.0.13+8"/>
    <property name="user.name" value="mola"/>
    <property name="path.separator" value=":"/>
    <property name="securerandom.source" value="file:/dev/./urandom"/>
    <property name="os.version" value="5.10.16.3-microsoft-standard-WSL2"/>
    <property name="java.runtime.name" value="OpenJDK Runtime Environment"/>
    <property name="file.encoding" value="UTF-8"/>
    <property name="sun.nio.ch.bugLevel" value=""/>
    <property name="java.vm.name" value="OpenJDK 64-Bit Server VM"/>
    <property name="java.vendor.version" value="18.9"/>
    <property name="localRepository" value="/home/mola/.m2/repository"/>
    <property name="java.vendor.url.bug" value="https://bugzilla.redhat.com/enter_bug.cgi?product=Fedora&amp;component=java-11-openjdk&amp;version=34"/>
    <property name="java.io.tmpdir" value="/tmp"/>
    <property name="quarkus.log.file.path" value="target/quarkus.log"/>
    <property name="java.version" value="11.0.13"/>
    <property name="user.dir" value="/mnt/c/Users/mola7/demo/kafka_lab/quarkus-app"/>
    <property name="os.arch" value="amd64"/>
    <property name="java.vm.specification.name" value="Java Virtual Machine Specification"/>
    <property name="vertx.disableDnsResolver" value="true"/>
    <property name="java.awt.printerjob" value="sun.print.PSPrinterJob"/>
    <property name="sun.os.patch.level" value="unknown"/>
    <property name="java.util.logging.manager" value="org.jboss.logmanager.LogManager"/>
    <property name="java.library.path" value="/usr/java/packages/lib:/usr/lib64:/lib64:/lib:/usr/lib"/>
    <property name="java.vm.info" value="mixed mode, sharing"/>
    <property name="java.vendor" value="Red Hat, Inc."/>
    <property name="java.vm.version" value="11.0.13+8"/>
    <property name="sun.io.unicode.encoding" value="UnicodeLittle"/>
    <property name="io.netty.machineId" value="fd:88:4c:46:64:2c:26:94"/>
    <property name="java.class.version" value="55.0"/>
  </properties>
  <testcase name="testPricesEventStream" classname="org.acme.kafka.PriceResourceTest" time="0.042">
    <error type="java.lang.RuntimeException"><![CDATA[java.lang.RuntimeException: java.lang.RuntimeException: Failed to start quarkus
Caused by: java.lang.RuntimeException: Failed to start quarkus
Caused by: javax.enterprise.inject.spi.DeploymentException: org.apache.kafka.common.KafkaException: Failed to construct kafka consumer
Caused by: org.apache.kafka.common.KafkaException: Failed to construct kafka consumer
Caused by: org.apache.kafka.common.config.ConfigException: No resolvable bootstrap urls given in bootstrap.servers
]]></error>
    <system-out><![CDATA[2021-11-24 16:25:07,419 WARN  [io.sma.rea.mes.kafka] (main) SRMSG18216: No `group.id` set in the configuration, generate a random id: a3cc6548-449b-4ebf-a8e6-90c98e1ff548
2021-11-24 16:25:07,434 INFO  [io.sma.rea.mes.kafka] (main) SRMSG18229: Configured topics for channel 'prices': [prices]
2021-11-24 16:25:07,453 INFO  [io.sma.rea.mes.kafka] (main) SRMSG18214: Key deserializer omitted, using String as default
2021-11-24 16:25:07,454 INFO  [io.sma.rea.mes.kafka] (main) SRMSG18234: Auto-commit disabled for channel prices
2021-11-24 16:25:07,486 INFO  [org.apa.kaf.cli.con.ConsumerConfig] (main) ConsumerConfig values: 
	allow.auto.create.topics = true
	auto.commit.interval.ms = 5000
	auto.offset.reset = latest
	bootstrap.servers = [stream-cluster-kafka-bootstrap.event-stream-project.svc:9092]
	check.crcs = true
	client.dns.lookup = use_all_dns_ips
	client.id = kafka-consumer-prices
	client.rack = 
	connections.max.idle.ms = 540000
	default.api.timeout.ms = 60000
	enable.auto.commit = false
	exclude.internal.topics = true
	fetch.max.bytes = 52428800
	fetch.max.wait.ms = 500
	fetch.min.bytes = 1
	group.id = a3cc6548-449b-4ebf-a8e6-90c98e1ff548
	group.instance.id = null
	heartbeat.interval.ms = 3000
	interceptor.classes = []
	internal.leave.group.on.close = true
	internal.throw.on.fetch.stable.offset.unsupported = false
	isolation.level = read_uncommitted
	key.deserializer = class io.smallrye.reactive.messaging.kafka.fault.DeserializerWrapper
	max.partition.fetch.bytes = 1048576
	max.poll.interval.ms = 300000
	max.poll.records = 500
	metadata.max.age.ms = 300000
	metric.reporters = []
	metrics.num.samples = 2
	metrics.recording.level = INFO
	metrics.sample.window.ms = 30000
	partition.assignment.strategy = [class org.apache.kafka.clients.consumer.RangeAssignor]
	receive.buffer.bytes = 65536
	reconnect.backoff.max.ms = 10000
	reconnect.backoff.ms = 50
	request.timeout.ms = 30000
	retry.backoff.ms = 100
	sasl.client.callback.handler.class = null
	sasl.jaas.config = null
	sasl.kerberos.kinit.cmd = /usr/bin/kinit
	sasl.kerberos.min.time.before.relogin = 60000
	sasl.kerberos.service.name = null
	sasl.kerberos.ticket.renew.jitter = 0.05
	sasl.kerberos.ticket.renew.window.factor = 0.8
	sasl.login.callback.handler.class = null
	sasl.login.class = null
	sasl.login.refresh.buffer.seconds = 300
	sasl.login.refresh.min.period.seconds = 60
	sasl.login.refresh.window.factor = 0.8
	sasl.login.refresh.window.jitter = 0.05
	sasl.mechanism = GSSAPI
	security.protocol = PLAINTEXT
	security.providers = null
	send.buffer.bytes = 131072
	session.timeout.ms = 10000
	socket.connection.setup.timeout.max.ms = 30000
	socket.connection.setup.timeout.ms = 10000
	ssl.cipher.suites = null
	ssl.enabled.protocols = [TLSv1.2, TLSv1.3]
	ssl.endpoint.identification.algorithm = https
	ssl.engine.factory.class = null
	ssl.key.password = null
	ssl.keymanager.algorithm = SunX509
	ssl.keystore.certificate.chain = null
	ssl.keystore.key = null
	ssl.keystore.location = null
	ssl.keystore.password = null
	ssl.keystore.type = JKS
	ssl.protocol = TLSv1.3
	ssl.provider = null
	ssl.secure.random.implementation = null
	ssl.trustmanager.algorithm = PKIX
	ssl.truststore.certificates = null
	ssl.truststore.location = null
	ssl.truststore.password = null
	ssl.truststore.type = JKS
	value.deserializer = class io.smallrye.reactive.messaging.kafka.fault.DeserializerWrapper

2021-11-24 16:25:07,688 WARN  [org.apa.kaf.cli.ClientUtils] (main) Couldn't resolve server stream-cluster-kafka-bootstrap.event-stream-project.svc:9092 from bootstrap.servers as DNS resolution failed for stream-cluster-kafka-bootstrap.event-stream-project.svc
2021-11-24 16:25:07,689 INFO  [org.apa.kaf.com.met.Metrics] (main) Metrics scheduler closed
2021-11-24 16:25:07,689 INFO  [org.apa.kaf.com.met.Metrics] (main) Closing reporter org.apache.kafka.common.metrics.JmxReporter
2021-11-24 16:25:07,690 INFO  [org.apa.kaf.com.met.Metrics] (main) Metrics reporters closed
2021-11-24 16:25:07,691 INFO  [org.apa.kaf.com.uti.AppInfoParser] (main) App info kafka.consumer for kafka-consumer-prices unregistered
2021-11-24 16:25:07,691 ERROR [io.sma.rea.mes.provider] (main) SRMSG00230: Unable to create the publisher or subscriber during initialization: org.apache.kafka.common.KafkaException: Failed to construct kafka consumer
	at org.apache.kafka.clients.consumer.KafkaConsumer.<init>(KafkaConsumer.java:823)
	at org.apache.kafka.clients.consumer.KafkaConsumer.<init>(KafkaConsumer.java:665)
	at io.smallrye.reactive.messaging.kafka.impl.ReactiveKafkaConsumer.<init>(ReactiveKafkaConsumer.java:80)
	at io.smallrye.reactive.messaging.kafka.impl.KafkaSource.<init>(KafkaSource.java:85)
	at io.smallrye.reactive.messaging.kafka.KafkaConnector.getPublisherBuilder(KafkaConnector.java:182)
	at io.smallrye.reactive.messaging.kafka.KafkaConnector_ClientProxy.getPublisherBuilder(KafkaConnector_ClientProxy.zig:207)
	at io.smallrye.reactive.messaging.impl.ConfiguredChannelFactory.createPublisherBuilder(ConfiguredChannelFactory.java:190)
	at io.smallrye.reactive.messaging.impl.ConfiguredChannelFactory.register(ConfiguredChannelFactory.java:153)
	at io.smallrye.reactive.messaging.impl.ConfiguredChannelFactory.initialize(ConfiguredChannelFactory.java:125)
	at io.smallrye.reactive.messaging.impl.ConfiguredChannelFactory_ClientProxy.initialize(ConfiguredChannelFactory_ClientProxy.zig:237)
	at java.base/java.util.Iterator.forEachRemaining(Iterator.java:133)
	at java.base/java.util.Spliterators$IteratorSpliterator.forEachRemaining(Spliterators.java:1801)
	at java.base/java.util.stream.ReferencePipeline$Head.forEach(ReferencePipeline.java:658)
	at io.smallrye.reactive.messaging.extension.MediatorManager.start(MediatorManager.java:189)
	at io.smallrye.reactive.messaging.extension.MediatorManager_ClientProxy.start(MediatorManager_ClientProxy.zig:268)
	at io.quarkus.smallrye.reactivemessaging.runtime.SmallRyeReactiveMessagingLifecycle.onApplicationStart(SmallRyeReactiveMessagingLifecycle.java:41)
	at io.quarkus.smallrye.reactivemessaging.runtime.SmallRyeReactiveMessagingLifecycle_Observer_onApplicationStart_4e8937813d9e8faff65c3c07f88fa96615b70e70.notify(SmallRyeReactiveMessagingLifecycle_Observer_onApplicationStart_4e8937813d9e8faff65c3c07f88fa96615b70e70.zig:129)
	at io.quarkus.arc.impl.EventImpl$Notifier.notifyObservers(EventImpl.java:300)
	at io.quarkus.arc.impl.EventImpl$Notifier.notify(EventImpl.java:282)
	at io.quarkus.arc.impl.EventImpl.fire(EventImpl.java:70)
	at io.quarkus.arc.runtime.ArcRecorder.fireLifecycleEvent(ArcRecorder.java:128)
	at io.quarkus.arc.runtime.ArcRecorder.handleLifecycleEvents(ArcRecorder.java:97)
	at io.quarkus.deployment.steps.LifecycleEventsBuildStep$startupEvent1144526294.deploy_0(LifecycleEventsBuildStep$startupEvent1144526294.zig:87)
	at io.quarkus.deployment.steps.LifecycleEventsBuildStep$startupEvent1144526294.deploy(LifecycleEventsBuildStep$startupEvent1144526294.zig:40)
	at io.quarkus.runner.ApplicationImpl.doStart(ApplicationImpl.zig:656)
	at io.quarkus.runtime.Application.start(Application.java:101)
	at java.base/jdk.internal.reflect.NativeMethodAccessorImpl.invoke0(Native Method)
	at java.base/jdk.internal.reflect.NativeMethodAccessorImpl.invoke(NativeMethodAccessorImpl.java:62)
	at java.base/jdk.internal.reflect.DelegatingMethodAccessorImpl.invoke(DelegatingMethodAccessorImpl.java:43)
	at java.base/java.lang.reflect.Method.invoke(Method.java:566)
	at io.quarkus.runner.bootstrap.StartupActionImpl.run(StartupActionImpl.java:181)
	at io.quarkus.test.junit.QuarkusTestExtension.doJavaStart(QuarkusTestExtension.java:354)
	at io.quarkus.test.junit.QuarkusTestExtension.ensureStarted(QuarkusTestExtension.java:667)
	at io.quarkus.test.junit.QuarkusTestExtension.beforeAll(QuarkusTestExtension.java:714)
	at org.junit.jupiter.engine.descriptor.ClassBasedTestDescriptor.lambda$invokeBeforeAllCallbacks$8(ClassBasedTestDescriptor.java:368)
	at org.junit.platform.engine.support.hierarchical.ThrowableCollector.execute(ThrowableCollector.java:73)
	at org.junit.jupiter.engine.descriptor.ClassBasedTestDescriptor.invokeBeforeAllCallbacks(ClassBasedTestDescriptor.java:368)
	at org.junit.jupiter.engine.descriptor.ClassBasedTestDescriptor.before(ClassBasedTestDescriptor.java:192)
	at org.junit.jupiter.engine.descriptor.ClassBasedTestDescriptor.before(ClassBasedTestDescriptor.java:78)
	at org.junit.platform.engine.support.hierarchical.NodeTestTask.lambda$executeRecursively$5(NodeTestTask.java:136)
	at org.junit.platform.engine.support.hierarchical.ThrowableCollector.execute(ThrowableCollector.java:73)
	at org.junit.platform.engine.support.hierarchical.NodeTestTask.lambda$executeRecursively$7(NodeTestTask.java:129)
	at org.junit.platform.engine.support.hierarchical.Node.around(Node.java:137)
	at org.junit.platform.engine.support.hierarchical.NodeTestTask.lambda$executeRecursively$8(NodeTestTask.java:127)
	at org.junit.platform.engine.support.hierarchical.ThrowableCollector.execute(ThrowableCollector.java:73)
	at org.junit.platform.engine.support.hierarchical.NodeTestTask.executeRecursively(NodeTestTask.java:126)
	at org.junit.platform.engine.support.hierarchical.NodeTestTask.execute(NodeTestTask.java:84)
	at java.base/java.util.ArrayList.forEach(ArrayList.java:1541)
	at org.junit.platform.engine.support.hierarchical.SameThreadHierarchicalTestExecutorService.invokeAll(SameThreadHierarchicalTestExecutorService.java:38)
	at org.junit.platform.engine.support.hierarchical.NodeTestTask.lambda$executeRecursively$5(NodeTestTask.java:143)
	at org.junit.platform.engine.support.hierarchical.ThrowableCollector.execute(ThrowableCollector.java:73)
	at org.junit.platform.engine.support.hierarchical.NodeTestTask.lambda$executeRecursively$7(NodeTestTask.java:129)
	at org.junit.platform.engine.support.hierarchical.Node.around(Node.java:137)
	at org.junit.platform.engine.support.hierarchical.NodeTestTask.lambda$executeRecursively$8(NodeTestTask.java:127)
	at org.junit.platform.engine.support.hierarchical.ThrowableCollector.execute(ThrowableCollector.java:73)
	at org.junit.platform.engine.support.hierarchical.NodeTestTask.executeRecursively(NodeTestTask.java:126)
	at org.junit.platform.engine.support.hierarchical.NodeTestTask.execute(NodeTestTask.java:84)
	at org.junit.platform.engine.support.hierarchical.SameThreadHierarchicalTestExecutorService.submit(SameThreadHierarchicalTestExecutorService.java:32)
	at org.junit.platform.engine.support.hierarchical.HierarchicalTestExecutor.execute(HierarchicalTestExecutor.java:57)
	at org.junit.platform.engine.support.hierarchical.HierarchicalTestEngine.execute(HierarchicalTestEngine.java:51)
	at org.junit.platform.launcher.core.EngineExecutionOrchestrator.execute(EngineExecutionOrchestrator.java:108)
	at org.junit.platform.launcher.core.EngineExecutionOrchestrator.execute(EngineExecutionOrchestrator.java:88)
	at org.junit.platform.launcher.core.EngineExecutionOrchestrator.lambda$execute$0(EngineExecutionOrchestrator.java:54)
	at org.junit.platform.launcher.core.EngineExecutionOrchestrator.withInterceptedStreams(EngineExecutionOrchestrator.java:67)
	at org.junit.platform.launcher.core.EngineExecutionOrchestrator.execute(EngineExecutionOrchestrator.java:52)
	at org.junit.platform.launcher.core.DefaultLauncher.execute(DefaultLauncher.java:96)
	at org.junit.platform.launcher.core.DefaultLauncher.execute(DefaultLauncher.java:75)
	at org.apache.maven.surefire.junitplatform.JUnitPlatformProvider.execute(JUnitPlatformProvider.java:188)
	at org.apache.maven.surefire.junitplatform.JUnitPlatformProvider.invokeAllTests(JUnitPlatformProvider.java:154)
	at org.apache.maven.surefire.junitplatform.JUnitPlatformProvider.invoke(JUnitPlatformProvider.java:128)
	at org.apache.maven.surefire.booter.ForkedBooter.runSuitesInProcess(ForkedBooter.java:428)
	at org.apache.maven.surefire.booter.ForkedBooter.execute(ForkedBooter.java:162)
	at org.apache.maven.surefire.booter.ForkedBooter.run(ForkedBooter.java:562)
	at org.apache.maven.surefire.booter.ForkedBooter.main(ForkedBooter.java:548)
Caused by: org.apache.kafka.common.config.ConfigException: No resolvable bootstrap urls given in bootstrap.servers
	at org.apache.kafka.clients.ClientUtils.parseAndValidateAddresses(ClientUtils.java:89)
	at org.apache.kafka.clients.ClientUtils.parseAndValidateAddresses(ClientUtils.java:48)
	at org.apache.kafka.clients.consumer.KafkaConsumer.<init>(KafkaConsumer.java:731)
	... 73 more

]]></system-out>
  </testcase>
</testsuite>